[START OF SIMULATION]
call r0, r0, 0x0010
[F] R0 = (PC + 4) >> 2 = 0x00000000, PC = (R0 + 0x0010) << 2 = 0x00000040
addi r1, r0, 10
[F] FR = 0x00000000, R1 = R0 + 0x000A = 0x0000000A
ldw r2, r0, 0x0017
[F] R2 = MEM[(R0 + 0x0017) << 2] = 0x00000000
addi r3, r0, 24
[F] FR = 0x00000000, R3 = R0 + 0x0018 = 0x00000018
addi r3, r3, 20
[F] FR = 0x00000000, R3 = R3 + 0x0014 = 0x0000002C
call r4, r0, 0x0004
[F] R4 = (PC + 4) >> 2 = 0x00000015, PC = (R0 + 0x0004) << 2 = 0x00000010
cmpi r1, 0
[F] FR = 0x00000004
bne 0x00000008
[S] PC = 0x00000020
push r3, r4
[U] MEM[R3--] = R4 = 0x00000015
push r3, r1
[U] MEM[R3--] = R1 = 0x0000000A
subi r1, r1, 1
[F] FR = 0x00000004, R1 = R1 - 0x0001 = 0x00000009
call r4, r0, 0x0004
[F] R4 = (PC + 4) >> 2 = 0x0000000C, PC = (R0 + 0x0004) << 2 = 0x00000010
cmpi r1, 0
[F] FR = 0x00000004
bne 0x00000008
[S] PC = 0x00000020
push r3, r4
[U] MEM[R3--] = R4 = 0x0000000C
push r3, r1
[U] MEM[R3--] = R1 = 0x00000009
subi r1, r1, 1
[F] FR = 0x00000004, R1 = R1 - 0x0001 = 0x00000008
call r4, r0, 0x0004
[F] R4 = (PC + 4) >> 2 = 0x0000000C, PC = (R0 + 0x0004) << 2 = 0x00000010
cmpi r1, 0
[F] FR = 0x00000004
bne 0x00000008
[S] PC = 0x00000020
push r3, r4
[U] MEM[R3--] = R4 = 0x0000000C
push r3, r1
[U] MEM[R3--] = R1 = 0x00000008
subi r1, r1, 1
[F] FR = 0x00000004, R1 = R1 - 0x0001 = 0x00000007
call r4, r0, 0x0004
[F] R4 = (PC + 4) >> 2 = 0x0000000C, PC = (R0 + 0x0004) << 2 = 0x00000010
cmpi r1, 0
[F] FR = 0x00000004
bne 0x00000008
[S] PC = 0x00000020
push r3, r4
[U] MEM[R3--] = R4 = 0x0000000C
push r3, r1
[U] MEM[R3--] = R1 = 0x00000007
subi r1, r1, 1
[F] FR = 0x00000004, R1 = R1 - 0x0001 = 0x00000006
call r4, r0, 0x0004
[F] R4 = (PC + 4) >> 2 = 0x0000000C, PC = (R0 + 0x0004) << 2 = 0x00000010
cmpi r1, 0
[F] FR = 0x00000004
bne 0x00000008
[S] PC = 0x00000020
push r3, r4
[U] MEM[R3--] = R4 = 0x0000000C
push r3, r1
[U] MEM[R3--] = R1 = 0x00000006
subi r1, r1, 1
[F] FR = 0x00000004, R1 = R1 - 0x0001 = 0x00000005
call r4, r0, 0x0004
[F] R4 = (PC + 4) >> 2 = 0x0000000C, PC = (R0 + 0x0004) << 2 = 0x00000010
cmpi r1, 0
[F] FR = 0x00000004
bne 0x00000008
[S] PC = 0x00000020
push r3, r4
[U] MEM[R3--] = R4 = 0x0000000C
push r3, r1
[U] MEM[R3--] = R1 = 0x00000005
subi r1, r1, 1
[F] FR = 0x00000004, R1 = R1 - 0x0001 = 0x00000004
call r4, r0, 0x0004
[F] R4 = (PC + 4) >> 2 = 0x0000000C, PC = (R0 + 0x0004) << 2 = 0x00000010
cmpi r1, 0
[F] FR = 0x00000004
bne 0x00000008
[S] PC = 0x00000020
push r3, r4
[U] MEM[R3--] = R4 = 0x0000000C
push r3, r1
[U] MEM[R3--] = R1 = 0x00000004
subi r1, r1, 1
[F] FR = 0x00000004, R1 = R1 - 0x0001 = 0x00000003
call r4, r0, 0x0004
[F] R4 = (PC + 4) >> 2 = 0x0000000C, PC = (R0 + 0x0004) << 2 = 0x00000010
cmpi r1, 0
[F] FR = 0x00000004
bne 0x00000008
[S] PC = 0x00000020
push r3, r4
[U] MEM[R3--] = R4 = 0x0000000C
push r3, r1
[U] MEM[R3--] = R1 = 0x00000003
subi r1, r1, 1
[F] FR = 0x00000004, R1 = R1 - 0x0001 = 0x00000002
call r4, r0, 0x0004
[F] R4 = (PC + 4) >> 2 = 0x0000000C, PC = (R0 + 0x0004) << 2 = 0x00000010
cmpi r1, 0
[F] FR = 0x00000004
bne 0x00000008
[S] PC = 0x00000020
push r3, r4
[U] MEM[R3--] = R4 = 0x0000000C
push r3, r1
[U] MEM[R3--] = R1 = 0x00000002
subi r1, r1, 1
[F] FR = 0x00000004, R1 = R1 - 0x0001 = 0x00000001
call r4, r0, 0x0004
[F] R4 = (PC + 4) >> 2 = 0x0000000C, PC = (R0 + 0x0004) << 2 = 0x00000010
cmpi r1, 0
[F] FR = 0x00000004
bne 0x00000008
[S] PC = 0x00000020
push r3, r4
[U] MEM[R3--] = R4 = 0x0000000C
push r3, r1
[U] MEM[R3--] = R1 = 0x00000001
subi r1, r1, 1
[F] FR = 0x00000004, R1 = R1 - 0x0001 = 0x00000000
call r4, r0, 0x0004
[F] R4 = (PC + 4) >> 2 = 0x0000000C, PC = (R0 + 0x0004) << 2 = 0x00000010
cmpi r1, 0
[F] FR = 0x00000001
bne 0x00000008
[S] PC = 0x00000018
addi r2, r0, 1
[F] FR = 0x00000001, R2 = R0 + 0x0001 = 0x00000001
bun 0x0000000F
[S] PC = 0x0000003C
ret r4
[F] PC = R4 << 2 = 0x00000030
pop r1, r3
[U] R1 = MEM[++R3] = 0x00000001
mul r2, r2, r1
[U] FR = 0x00000001, ER = 0x00000000, R2 = R2 * R1 = 0x00000001
pop r4, r3
[U] R4 = MEM[++R3] = 0x0000000C
ret r4
[F] PC = R4 << 2 = 0x00000030
pop r1, r3
[U] R1 = MEM[++R3] = 0x00000002
mul r2, r2, r1
[U] FR = 0x00000001, ER = 0x00000000, R2 = R2 * R1 = 0x00000002
pop r4, r3
[U] R4 = MEM[++R3] = 0x0000000C
ret r4
[F] PC = R4 << 2 = 0x00000030
pop r1, r3
[U] R1 = MEM[++R3] = 0x00000003
mul r2, r2, r1
[U] FR = 0x00000001, ER = 0x00000000, R2 = R2 * R1 = 0x00000006
pop r4, r3
[U] R4 = MEM[++R3] = 0x0000000C
ret r4
[F] PC = R4 << 2 = 0x00000030
pop r1, r3
[U] R1 = MEM[++R3] = 0x00000004
mul r2, r2, r1
[U] FR = 0x00000001, ER = 0x00000000, R2 = R2 * R1 = 0x00000018
pop r4, r3
[U] R4 = MEM[++R3] = 0x0000000C
ret r4
[F] PC = R4 << 2 = 0x00000030
pop r1, r3
[U] R1 = MEM[++R3] = 0x00000005
mul r2, r2, r1
[U] FR = 0x00000001, ER = 0x00000000, R2 = R2 * R1 = 0x00000078
pop r4, r3
[U] R4 = MEM[++R3] = 0x0000000C
ret r4
[F] PC = R4 << 2 = 0x00000030
pop r1, r3
[U] R1 = MEM[++R3] = 0x00000006
mul r2, r2, r1
[U] FR = 0x00000001, ER = 0x00000000, R2 = R2 * R1 = 0x000002D0
pop r4, r3
[U] R4 = MEM[++R3] = 0x0000000C
ret r4
[F] PC = R4 << 2 = 0x00000030
pop r1, r3
[U] R1 = MEM[++R3] = 0x00000007
mul r2, r2, r1
[U] FR = 0x00000001, ER = 0x00000000, R2 = R2 * R1 = 0x000013B0
pop r4, r3
[U] R4 = MEM[++R3] = 0x0000000C
ret r4
[F] PC = R4 << 2 = 0x00000030
pop r1, r3
[U] R1 = MEM[++R3] = 0x00000008
mul r2, r2, r1
[U] FR = 0x00000001, ER = 0x00000000, R2 = R2 * R1 = 0x00009D80
pop r4, r3
[U] R4 = MEM[++R3] = 0x0000000C
ret r4
[F] PC = R4 << 2 = 0x00000030
pop r1, r3
[U] R1 = MEM[++R3] = 0x00000009
mul r2, r2, r1
[U] FR = 0x00000001, ER = 0x00000000, R2 = R2 * R1 = 0x00058980
pop r4, r3
[U] R4 = MEM[++R3] = 0x0000000C
ret r4
[F] PC = R4 << 2 = 0x00000030
pop r1, r3
[U] R1 = MEM[++R3] = 0x0000000A
mul r2, r2, r1
[U] FR = 0x00000001, ER = 0x00000000, R2 = R2 * R1 = 0x00375F00
pop r4, r3
[U] R4 = MEM[++R3] = 0x00000015
ret r4
[F] PC = R4 << 2 = 0x00000054
stw r0, 0x0017, r2
[F] MEM[(R0 + 0x0017) << 2] = R2 = 0x00375F00
int 0
[S] CR = 0x00000000, PC = 0x00000000
[END OF SIMULATION]
