[START OF SIMULATION]
bun 0x00000004
[S] PC = 0x00000010
ldw r1, r0, 0x000E
[F] R1 = MEM[(R0 + 0x000E) << 2] = 0x00000001
ldw r2, r0, 0x000F
[F] R2 = MEM[(R0 + 0x000F) << 2] = 0x0000000A
addi r3, r0, 1
[F] FR = 0x00000000, R3 = R0 + 0x0001 = 0x00000001
cmp r3, r2
[U] FR = 0x00000002
bgt 0x0000000C
[S] PC = 0x00000024
mul r1, r1, r3
[U] FR = 0x00000002, ER = 0x00000000, R1 = R1 * R3 = 0x00000001
addi r3, r3, 1
[F] FR = 0x00000002, R3 = R3 + 0x0001 = 0x00000002
bun 0x00000007
[S] PC = 0x0000001C
cmp r3, r2
[U] FR = 0x00000002
bgt 0x0000000C
[S] PC = 0x00000024
mul r1, r1, r3
[U] FR = 0x00000002, ER = 0x00000000, R1 = R1 * R3 = 0x00000002
addi r3, r3, 1
[F] FR = 0x00000002, R3 = R3 + 0x0001 = 0x00000003
bun 0x00000007
[S] PC = 0x0000001C
cmp r3, r2
[U] FR = 0x00000002
bgt 0x0000000C
[S] PC = 0x00000024
mul r1, r1, r3
[U] FR = 0x00000002, ER = 0x00000000, R1 = R1 * R3 = 0x00000006
addi r3, r3, 1
[F] FR = 0x00000002, R3 = R3 + 0x0001 = 0x00000004
bun 0x00000007
[S] PC = 0x0000001C
cmp r3, r2
[U] FR = 0x00000002
bgt 0x0000000C
[S] PC = 0x00000024
mul r1, r1, r3
[U] FR = 0x00000002, ER = 0x00000000, R1 = R1 * R3 = 0x00000018
addi r3, r3, 1
[F] FR = 0x00000002, R3 = R3 + 0x0001 = 0x00000005
bun 0x00000007
[S] PC = 0x0000001C
cmp r3, r2
[U] FR = 0x00000002
bgt 0x0000000C
[S] PC = 0x00000024
mul r1, r1, r3
[U] FR = 0x00000002, ER = 0x00000000, R1 = R1 * R3 = 0x00000078
addi r3, r3, 1
[F] FR = 0x00000002, R3 = R3 + 0x0001 = 0x00000006
bun 0x00000007
[S] PC = 0x0000001C
cmp r3, r2
[U] FR = 0x00000002
bgt 0x0000000C
[S] PC = 0x00000024
mul r1, r1, r3
[U] FR = 0x00000002, ER = 0x00000000, R1 = R1 * R3 = 0x000002D0
addi r3, r3, 1
[F] FR = 0x00000002, R3 = R3 + 0x0001 = 0x00000007
bun 0x00000007
[S] PC = 0x0000001C
cmp r3, r2
[U] FR = 0x00000002
bgt 0x0000000C
[S] PC = 0x00000024
mul r1, r1, r3
[U] FR = 0x00000002, ER = 0x00000000, R1 = R1 * R3 = 0x000013B0
addi r3, r3, 1
[F] FR = 0x00000002, R3 = R3 + 0x0001 = 0x00000008
bun 0x00000007
[S] PC = 0x0000001C
cmp r3, r2
[U] FR = 0x00000002
bgt 0x0000000C
[S] PC = 0x00000024
mul r1, r1, r3
[U] FR = 0x00000002, ER = 0x00000000, R1 = R1 * R3 = 0x00009D80
addi r3, r3, 1
[F] FR = 0x00000002, R3 = R3 + 0x0001 = 0x00000009
bun 0x00000007
[S] PC = 0x0000001C
cmp r3, r2
[U] FR = 0x00000002
bgt 0x0000000C
[S] PC = 0x00000024
mul r1, r1, r3
[U] FR = 0x00000002, ER = 0x00000000, R1 = R1 * R3 = 0x00058980
addi r3, r3, 1
[F] FR = 0x00000002, R3 = R3 + 0x0001 = 0x0000000A
bun 0x00000007
[S] PC = 0x0000001C
cmp r3, r2
[U] FR = 0x00000001
bgt 0x0000000C
[S] PC = 0x00000024
mul r1, r1, r3
[U] FR = 0x00000001, ER = 0x00000000, R1 = R1 * R3 = 0x00375F00
addi r3, r3, 1
[F] FR = 0x00000001, R3 = R3 + 0x0001 = 0x0000000B
bun 0x00000007
[S] PC = 0x0000001C
cmp r3, r2
[U] FR = 0x00000004
bgt 0x0000000C
[S] PC = 0x00000030
stw r0, 0x000E, r1
[F] MEM[(R0 + 0x000E) << 2] = R1 = 0x00375F00
int 0
[S] CR = 0x00000000, PC = 0x00000000
[END OF SIMULATION]
