[START OF SIMULATION]
call r0, r0, 0x0012
[F] R0 = (PC + 4) >> 2 = 0x00000000, PC = (R0 + 0x0012) << 2 = 0x00000048
addi r1, r0, 23
[F] FR = 0x00000000, R1 = R0 + 0x0017 = 0x00000017
ldw r2, r0, 0x0016
[F] R2 = MEM[(R0 + 0x0016) << 2] = 0x0000000A
call r3, r0, 0x0004
[F] R3 = (PC + 4) >> 2 = 0x00000015, PC = (R0 + 0x0004) << 2 = 0x00000010
addi r4, r0, 0
[F] FR = 0x00000000, R4 = R0 + 0x0000 = 0x00000000
addi r5, r0, 0
[F] FR = 0x00000000, R5 = R0 + 0x0000 = 0x00000000
addi r6, r0, 1
[F] FR = 0x00000000, R6 = R0 + 0x0001 = 0x00000001
addi r4, r0, 1
[F] FR = 0x00000000, R4 = R0 + 0x0001 = 0x00000001
cmp r4, r2
[U] FR = 0x00000002
bge 0x00000011
[S] PC = 0x00000028
add r7, r1, r4
[U] FR = 0x00000002, R7 = R1 + R4 = 0x00000018
add r8, r5, r6
[U] FR = 0x00000002, R8 = R5 + R6 = 0x00000001
addi r6, r5, 0
[F] FR = 0x00000002, R6 = R5 + 0x0000 = 0x00000000
addi r5, r8, 0
[F] FR = 0x00000002, R5 = R8 + 0x0000 = 0x00000001
stw r7, 0x0000, r8
[F] MEM[(R7 + 0x0000) << 2] = R8 = 0x00000001
addi r4, r4, 1
[F] FR = 0x00000002, R4 = R4 + 0x0001 = 0x00000002
bun 0x00000008
[S] PC = 0x00000020
cmp r4, r2
[U] FR = 0x00000002
bge 0x00000011
[S] PC = 0x00000028
add r7, r1, r4
[U] FR = 0x00000002, R7 = R1 + R4 = 0x00000019
add r8, r5, r6
[U] FR = 0x00000002, R8 = R5 + R6 = 0x00000001
addi r6, r5, 0
[F] FR = 0x00000002, R6 = R5 + 0x0000 = 0x00000001
addi r5, r8, 0
[F] FR = 0x00000002, R5 = R8 + 0x0000 = 0x00000001
stw r7, 0x0000, r8
[F] MEM[(R7 + 0x0000) << 2] = R8 = 0x00000001
addi r4, r4, 1
[F] FR = 0x00000002, R4 = R4 + 0x0001 = 0x00000003
bun 0x00000008
[S] PC = 0x00000020
cmp r4, r2
[U] FR = 0x00000002
bge 0x00000011
[S] PC = 0x00000028
add r7, r1, r4
[U] FR = 0x00000002, R7 = R1 + R4 = 0x0000001A
add r8, r5, r6
[U] FR = 0x00000002, R8 = R5 + R6 = 0x00000002
addi r6, r5, 0
[F] FR = 0x00000002, R6 = R5 + 0x0000 = 0x00000001
addi r5, r8, 0
[F] FR = 0x00000002, R5 = R8 + 0x0000 = 0x00000002
stw r7, 0x0000, r8
[F] MEM[(R7 + 0x0000) << 2] = R8 = 0x00000002
addi r4, r4, 1
[F] FR = 0x00000002, R4 = R4 + 0x0001 = 0x00000004
bun 0x00000008
[S] PC = 0x00000020
cmp r4, r2
[U] FR = 0x00000002
bge 0x00000011
[S] PC = 0x00000028
add r7, r1, r4
[U] FR = 0x00000002, R7 = R1 + R4 = 0x0000001B
add r8, r5, r6
[U] FR = 0x00000002, R8 = R5 + R6 = 0x00000003
addi r6, r5, 0
[F] FR = 0x00000002, R6 = R5 + 0x0000 = 0x00000002
addi r5, r8, 0
[F] FR = 0x00000002, R5 = R8 + 0x0000 = 0x00000003
stw r7, 0x0000, r8
[F] MEM[(R7 + 0x0000) << 2] = R8 = 0x00000003
addi r4, r4, 1
[F] FR = 0x00000002, R4 = R4 + 0x0001 = 0x00000005
bun 0x00000008
[S] PC = 0x00000020
cmp r4, r2
[U] FR = 0x00000002
bge 0x00000011
[S] PC = 0x00000028
add r7, r1, r4
[U] FR = 0x00000002, R7 = R1 + R4 = 0x0000001C
add r8, r5, r6
[U] FR = 0x00000002, R8 = R5 + R6 = 0x00000005
addi r6, r5, 0
[F] FR = 0x00000002, R6 = R5 + 0x0000 = 0x00000003
addi r5, r8, 0
[F] FR = 0x00000002, R5 = R8 + 0x0000 = 0x00000005
stw r7, 0x0000, r8
[F] MEM[(R7 + 0x0000) << 2] = R8 = 0x00000005
addi r4, r4, 1
[F] FR = 0x00000002, R4 = R4 + 0x0001 = 0x00000006
bun 0x00000008
[S] PC = 0x00000020
cmp r4, r2
[U] FR = 0x00000002
bge 0x00000011
[S] PC = 0x00000028
add r7, r1, r4
[U] FR = 0x00000002, R7 = R1 + R4 = 0x0000001D
add r8, r5, r6
[U] FR = 0x00000002, R8 = R5 + R6 = 0x00000008
addi r6, r5, 0
[F] FR = 0x00000002, R6 = R5 + 0x0000 = 0x00000005
addi r5, r8, 0
[F] FR = 0x00000002, R5 = R8 + 0x0000 = 0x00000008
stw r7, 0x0000, r8
[F] MEM[(R7 + 0x0000) << 2] = R8 = 0x00000008
addi r4, r4, 1
[F] FR = 0x00000002, R4 = R4 + 0x0001 = 0x00000007
bun 0x00000008
[S] PC = 0x00000020
cmp r4, r2
[U] FR = 0x00000002
bge 0x00000011
[S] PC = 0x00000028
add r7, r1, r4
[U] FR = 0x00000002, R7 = R1 + R4 = 0x0000001E
add r8, r5, r6
[U] FR = 0x00000002, R8 = R5 + R6 = 0x0000000D
addi r6, r5, 0
[F] FR = 0x00000002, R6 = R5 + 0x0000 = 0x00000008
addi r5, r8, 0
[F] FR = 0x00000002, R5 = R8 + 0x0000 = 0x0000000D
stw r7, 0x0000, r8
[F] MEM[(R7 + 0x0000) << 2] = R8 = 0x0000000D
addi r4, r4, 1
[F] FR = 0x00000002, R4 = R4 + 0x0001 = 0x00000008
bun 0x00000008
[S] PC = 0x00000020
cmp r4, r2
[U] FR = 0x00000002
bge 0x00000011
[S] PC = 0x00000028
add r7, r1, r4
[U] FR = 0x00000002, R7 = R1 + R4 = 0x0000001F
add r8, r5, r6
[U] FR = 0x00000002, R8 = R5 + R6 = 0x00000015
addi r6, r5, 0
[F] FR = 0x00000002, R6 = R5 + 0x0000 = 0x0000000D
addi r5, r8, 0
[F] FR = 0x00000002, R5 = R8 + 0x0000 = 0x00000015
stw r7, 0x0000, r8
[F] MEM[(R7 + 0x0000) << 2] = R8 = 0x00000015
addi r4, r4, 1
[F] FR = 0x00000002, R4 = R4 + 0x0001 = 0x00000009
bun 0x00000008
[S] PC = 0x00000020
cmp r4, r2
[U] FR = 0x00000002
bge 0x00000011
[S] PC = 0x00000028
add r7, r1, r4
[U] FR = 0x00000002, R7 = R1 + R4 = 0x00000020
add r8, r5, r6
[U] FR = 0x00000002, R8 = R5 + R6 = 0x00000022
addi r6, r5, 0
[F] FR = 0x00000002, R6 = R5 + 0x0000 = 0x00000015
addi r5, r8, 0
[F] FR = 0x00000002, R5 = R8 + 0x0000 = 0x00000022
stw r7, 0x0000, r8
[F] MEM[(R7 + 0x0000) << 2] = R8 = 0x00000022
addi r4, r4, 1
[F] FR = 0x00000002, R4 = R4 + 0x0001 = 0x0000000A
bun 0x00000008
[S] PC = 0x00000020
cmp r4, r2
[U] FR = 0x00000001
bge 0x00000011
[S] PC = 0x00000044
ret r3
[F] PC = R3 << 2 = 0x00000054
int 0
[S] CR = 0x00000000, PC = 0x00000000
[END OF SIMULATION]
